<?xml version="1.0" encoding="UTF-8"?>
<!-- Generated by org.testng.reporters.JUnitReportReporter -->
<testsuite hostname="singh18divya" failures="0" tests="2" name="practiceonlyrevenue.AddTransactions" time="0.238" errors="0" timestamp="2022-07-06T12:10:11 IST" skipped="0">
  <testcase classname="practiceonlyrevenue.AddTransactions" name="test2" time="0.010"/>
  <system-out/>
  <testcase classname="practiceonlyrevenue.AddTransactions" name="test1" time="0.228"/>
  <system-out/>
</testsuite> <!-- practiceonlyrevenue.AddTransactions -->
