<?xml version="1.0" encoding="UTF-8"?>
<!-- Generated by org.testng.reporters.JUnitReportReporter -->
<testsuite hostname="singh18divya" failures="0" tests="2" name="practiceonlyrevenue.flipkartHomepage_Test" time="0.499" errors="0" timestamp="2022-07-12T13:05:18 IST" skipped="0">
  <testcase classname="practiceonlyrevenue.flipkartHomepage_Test" name="test" time="0.269"/>
  <system-out/>
  <testcase classname="practiceonlyrevenue.flipkartHomepage_Test" name="tes2t" time="0.230"/>
  <system-out/>
</testsuite> <!-- practiceonlyrevenue.flipkartHomepage_Test -->
